<?xml version="1.0" encoding="UTF-8"?>
<testsuite name="edu.bsu.cs222.ComicBookTest" tests="5" skipped="0" failures="0" errors="0" timestamp="2021-03-11T17:41:52" hostname="DESKTOP-P4I08IH" time="0.004">
  <properties/>
  <testcase name="getTitleTest()" classname="edu.bsu.cs222.ComicBookTest" time="0.0"/>
  <testcase name="getCreatorRoleTest()" classname="edu.bsu.cs222.ComicBookTest" time="0.0"/>
  <testcase name="getDescriptTest()" classname="edu.bsu.cs222.ComicBookTest" time="0.0"/>
  <testcase name="getCreatorNameTest()" classname="edu.bsu.cs222.ComicBookTest" time="0.0"/>
  <testcase name="getsaleDateTest()" classname="edu.bsu.cs222.ComicBookTest" time="0.001"/>
  <system-out><![CDATA[]]></system-out>
  <system-err><![CDATA[]]></system-err>
</testsuite>
