<?xml version="1.0" encoding="UTF-8"?>
<testsuite name="edu.bsu.cs222.ComicBookTest" tests="5" skipped="0" failures="0" errors="0" timestamp="2021-03-09T01:35:05" hostname="DESKTOP-9G84R97" time="0.085">
  <properties/>
  <testcase name="getTitleTest()" classname="edu.bsu.cs222.ComicBookTest" time="0.075"/>
  <testcase name="getCreatorRoleTest()" classname="edu.bsu.cs222.ComicBookTest" time="0.001"/>
  <testcase name="getDescriptTest()" classname="edu.bsu.cs222.ComicBookTest" time="0.001"/>
  <testcase name="getCreatorNameTest()" classname="edu.bsu.cs222.ComicBookTest" time="0.004"/>
  <testcase name="getsaleDateTest()" classname="edu.bsu.cs222.ComicBookTest" time="0.0"/>
  <system-out><![CDATA[]]></system-out>
  <system-err><![CDATA[SLF4J: Failed to load class "org.slf4j.impl.StaticLoggerBinder".
SLF4J: Defaulting to no-operation (NOP) logger implementation
SLF4J: See http://www.slf4j.org/codes.html#StaticLoggerBinder for further details.
]]></system-err>
</testsuite>
