<?xml version="1.0" encoding="UTF-8"?>
<testsuite name="edu.bsu.cs222.ComicBookTest" tests="5" skipped="0" failures="0" errors="0" timestamp="2021-03-13T00:51:13" hostname="THE_BOX" time="0.032">
  <properties/>
  <testcase name="getTitleTest()" classname="edu.bsu.cs222.ComicBookTest" time="0.023"/>
  <testcase name="getCreatorRoleTest()" classname="edu.bsu.cs222.ComicBookTest" time="0.001"/>
  <testcase name="getDescriptTest()" classname="edu.bsu.cs222.ComicBookTest" time="0.001"/>
  <testcase name="getCreatorNameTest()" classname="edu.bsu.cs222.ComicBookTest" time="0.002"/>
  <testcase name="getsaleDateTest()" classname="edu.bsu.cs222.ComicBookTest" time="0.001"/>
  <system-out><![CDATA[]]></system-out>
  <system-err><![CDATA[log4j:WARN No appenders could be found for logger (com.jayway.jsonpath.internal.path.CompiledPath).
log4j:WARN Please initialize the log4j system properly.
log4j:WARN See http://logging.apache.org/log4j/1.2/faq.html#noconfig for more info.
]]></system-err>
</testsuite>
